<?xml version="1.0" encoding="UTF-8"?>
<!-- Generated by org.testng.reporters.JUnitXMLReporter -->
<testsuite ignored="0" hostname="LAPTOP-ESG7EVUM" failures="0" tests="3" name="Default test" time="13.145" errors="0" timestamp="2023-12-25T16:49:53 CET">
  <testcase classname="AlertDemo.MultipleTabDemo" name="test" time="6.647"/>
  <testcase classname="AlertDemo.MultipleTabDemo" name="test2" time="1.642"/>
  <testcase classname="AlertDemo.MultipleTabDemo" name="test3" time="2.454"/>
</testsuite> <!-- Default test -->
