<?xml version="1.0" encoding="UTF-8"?>
<testng-results ignored="0" total="3" passed="3" failed="0" skipped="0">
  <reporter-output>
  </reporter-output>
  <suite started-at="2023-12-25T16:49:39 CET" name="Default suite" finished-at="2023-12-25T16:49:53 CET" duration-ms="13145">
    <groups>
    </groups>
    <test started-at="2023-12-25T16:49:39 CET" name="Default test" finished-at="2023-12-25T16:49:53 CET" duration-ms="13145">
      <class name="AlertDemo.MultipleTabDemo">
        <test-method is-config="true" signature="Beforetest()[pri:0, instance:AlertDemo.MultipleTabDemo@726386ed]" started-at="2023-12-25T16:49:39 CET" name="Beforetest" finished-at="2023-12-25T16:49:42 CET" duration-ms="2357" status="PASS">
          <reporter-output>
          </reporter-output>
        </test-method> <!-- Beforetest -->
        <test-method signature="test()[pri:0, instance:AlertDemo.MultipleTabDemo@726386ed]" started-at="2023-12-25T16:49:42 CET" name="test" finished-at="2023-12-25T16:49:48 CET" duration-ms="6647" status="PASS">
          <reporter-output>
          </reporter-output>
        </test-method> <!-- test -->
        <test-method signature="test2()[pri:0, instance:AlertDemo.MultipleTabDemo@726386ed]" started-at="2023-12-25T16:49:48 CET" name="test2" finished-at="2023-12-25T16:49:50 CET" duration-ms="1642" status="PASS">
          <reporter-output>
          </reporter-output>
        </test-method> <!-- test2 -->
        <test-method signature="test3()[pri:0, instance:AlertDemo.MultipleTabDemo@726386ed]" started-at="2023-12-25T16:49:50 CET" name="test3" finished-at="2023-12-25T16:49:53 CET" duration-ms="2454" status="PASS">
          <reporter-output>
          </reporter-output>
        </test-method> <!-- test3 -->
      </class> <!-- AlertDemo.MultipleTabDemo -->
    </test> <!-- Default test -->
  </suite> <!-- Default suite -->
</testng-results>
